0 info it worked if it ends with ok
1 verbose cli [ 'C:\\Program Files\\nodejs\\node.exe',
1 verbose cli   'C:\\Program Files\\nodejs\\node_modules\\npm\\bin\\npm-cli.js',
1 verbose cli   'i' ]
2 info using npm@3.10.8
3 info using node@v6.9.1
4 silly loadCurrentTree Starting
5 silly install loadCurrentTree
6 silly install readLocalPackageData
7 silly install normalizeTree
8 silly loadCurrentTree Finishing
9 silly loadIdealTree Starting
10 silly install loadIdealTree
11 silly cloneCurrentTree Starting
12 silly install cloneCurrentTreeToIdealTree
13 silly cloneCurrentTree Finishing
14 silly loadShrinkwrap Starting
15 silly install loadShrinkwrap
16 silly loadShrinkwrap Finishing
17 silly loadAllDepsIntoIdealTree Starting
18 silly install loadAllDepsIntoIdealTree
19 silly fetchNamedPackageData bcrypt
20 silly mapToRegistry name bcrypt
21 silly mapToRegistry using default registry
22 silly mapToRegistry registry https://registry.npmjs.org/
23 silly mapToRegistry data Result {
23 silly mapToRegistry   raw: 'bcrypt',
23 silly mapToRegistry   scope: null,
23 silly mapToRegistry   escapedName: 'bcrypt',
23 silly mapToRegistry   name: 'bcrypt',
23 silly mapToRegistry   rawSpec: '',
23 silly mapToRegistry   spec: 'latest',
23 silly mapToRegistry   type: 'tag' }
24 silly mapToRegistry uri https://registry.npmjs.org/bcrypt
25 verbose request uri https://registry.npmjs.org/bcrypt
26 verbose request no auth needed
27 info attempt registry request try #1 at 4:43:33 PM
28 verbose request id 61744fad0d86ddda
29 verbose etag W/"58eacfc7-16eb6"
30 verbose lastModified Mon, 10 Apr 2017 00:20:23 GMT
31 http request GET https://registry.npmjs.org/bcrypt
32 http 304 https://registry.npmjs.org/bcrypt
33 verbose headers { date: 'Wed, 12 Apr 2017 11:13:36 GMT',
33 verbose headers   via: '1.1 varnish',
33 verbose headers   'cache-control': 'max-age=300',
33 verbose headers   etag: 'W/"58eacfc7-16eb6"',
33 verbose headers   age: '29',
33 verbose headers   connection: 'keep-alive',
33 verbose headers   'x-served-by': 'cache-syd1621-SYD',
33 verbose headers   'x-cache': 'HIT',
33 verbose headers   'x-cache-hits': '1',
33 verbose headers   'x-timer': 'S1491995616.144949,VS0,VE0',
33 verbose headers   vary: 'Accept-Encoding' }
34 silly get cb [ 304,
34 silly get   { date: 'Wed, 12 Apr 2017 11:13:36 GMT',
34 silly get     via: '1.1 varnish',
34 silly get     'cache-control': 'max-age=300',
34 silly get     etag: 'W/"58eacfc7-16eb6"',
34 silly get     age: '29',
34 silly get     connection: 'keep-alive',
34 silly get     'x-served-by': 'cache-syd1621-SYD',
34 silly get     'x-cache': 'HIT',
34 silly get     'x-cache-hits': '1',
34 silly get     'x-timer': 'S1491995616.144949,VS0,VE0',
34 silly get     vary: 'Accept-Encoding' } ]
35 verbose etag https://registry.npmjs.org/bcrypt from cache
36 verbose get saving bcrypt to C:\Users\rsingh3\AppData\Roaming\npm-cache\registry.npmjs.org\bcrypt\.cache.json
37 verbose correctMkdir C:\Users\rsingh3\AppData\Roaming\npm-cache correctMkdir not in flight; initializing
38 silly resolveWithNewModule bcrypt@0.8.7 checking installable status
39 silly cache add args [ 'bcrypt@^0.8.5', null ]
40 verbose cache add spec bcrypt@^0.8.5
41 silly cache add parsed spec Result {
41 silly cache add   raw: 'bcrypt@^0.8.5',
41 silly cache add   scope: null,
41 silly cache add   escapedName: 'bcrypt',
41 silly cache add   name: 'bcrypt',
41 silly cache add   rawSpec: '^0.8.5',
41 silly cache add   spec: '>=0.8.5 <0.9.0',
41 silly cache add   type: 'range' }
42 silly addNamed bcrypt@>=0.8.5 <0.9.0
43 verbose addNamed ">=0.8.5 <0.9.0" is a valid semver range for bcrypt
44 silly addNameRange { name: 'bcrypt', range: '>=0.8.5 <0.9.0', hasData: false }
45 silly mapToRegistry name bcrypt
46 silly mapToRegistry using default registry
47 silly mapToRegistry registry https://registry.npmjs.org/
48 silly mapToRegistry data Result {
48 silly mapToRegistry   raw: 'bcrypt',
48 silly mapToRegistry   scope: null,
48 silly mapToRegistry   escapedName: 'bcrypt',
48 silly mapToRegistry   name: 'bcrypt',
48 silly mapToRegistry   rawSpec: '',
48 silly mapToRegistry   spec: 'latest',
48 silly mapToRegistry   type: 'tag' }
49 silly mapToRegistry uri https://registry.npmjs.org/bcrypt
50 verbose addNameRange registry:https://registry.npmjs.org/bcrypt not in flight; fetching
51 verbose get https://registry.npmjs.org/bcrypt not expired, no request
52 silly addNameRange number 2 { name: 'bcrypt', range: '>=0.8.5 <0.9.0', hasData: true }
53 silly addNameRange versions [ 'bcrypt',
53 silly addNameRange   [ '0.1.2',
53 silly addNameRange     '0.2.0',
53 silly addNameRange     '0.2.1',
53 silly addNameRange     '0.1.3',
53 silly addNameRange     '0.2.2',
53 silly addNameRange     '0.2.3',
53 silly addNameRange     '0.2.4',
53 silly addNameRange     '0.3.0',
53 silly addNameRange     '0.3.1',
53 silly addNameRange     '0.3.2',
53 silly addNameRange     '0.4.0',
53 silly addNameRange     '0.4.1',
53 silly addNameRange     '0.5.0',
53 silly addNameRange     '0.6.0',
53 silly addNameRange     '0.7.0',
53 silly addNameRange     '0.7.1',
53 silly addNameRange     '0.7.2',
53 silly addNameRange     '0.7.3',
53 silly addNameRange     '0.7.4',
53 silly addNameRange     '0.7.5',
53 silly addNameRange     '0.7.6',
53 silly addNameRange     '0.7.7',
53 silly addNameRange     '0.7.8',
53 silly addNameRange     '0.8.0',
53 silly addNameRange     '0.8.1',
53 silly addNameRange     '0.8.2',
53 silly addNameRange     '0.8.3',
53 silly addNameRange     '0.8.4',
53 silly addNameRange     '0.8.5',
53 silly addNameRange     '0.8.6',
53 silly addNameRange     '0.8.7',
53 silly addNameRange     '1.0.0',
53 silly addNameRange     '1.0.1',
53 silly addNameRange     '1.0.2' ] ]
54 silly addNamed bcrypt@0.8.7
55 verbose addNamed "0.8.7" is a plain semver version for bcrypt
56 silly cache afterAdd bcrypt@0.8.7
57 verbose afterAdd C:\Users\rsingh3\AppData\Roaming\npm-cache\bcrypt\0.8.7\package\package.json not in flight; writing
58 verbose correctMkdir C:\Users\rsingh3\AppData\Roaming\npm-cache correctMkdir not in flight; initializing
59 verbose afterAdd C:\Users\rsingh3\AppData\Roaming\npm-cache\bcrypt\0.8.7\package\package.json written
60 silly fetchNamedPackageData bindings
61 silly mapToRegistry name bindings
62 silly mapToRegistry using default registry
63 silly mapToRegistry registry https://registry.npmjs.org/
64 silly mapToRegistry data Result {
64 silly mapToRegistry   raw: 'bindings',
64 silly mapToRegistry   scope: null,
64 silly mapToRegistry   escapedName: 'bindings',
64 silly mapToRegistry   name: 'bindings',
64 silly mapToRegistry   rawSpec: '',
64 silly mapToRegistry   spec: 'latest',
64 silly mapToRegistry   type: 'tag' }
65 silly mapToRegistry uri https://registry.npmjs.org/bindings
66 silly fetchNamedPackageData nan
67 silly mapToRegistry name nan
68 silly mapToRegistry using default registry
69 silly mapToRegistry registry https://registry.npmjs.org/
70 silly mapToRegistry data Result {
70 silly mapToRegistry   raw: 'nan',
70 silly mapToRegistry   scope: null,
70 silly mapToRegistry   escapedName: 'nan',
70 silly mapToRegistry   name: 'nan',
70 silly mapToRegistry   rawSpec: '',
70 silly mapToRegistry   spec: 'latest',
70 silly mapToRegistry   type: 'tag' }
71 silly mapToRegistry uri https://registry.npmjs.org/nan
72 verbose request uri https://registry.npmjs.org/bindings
73 verbose request no auth needed
74 info attempt registry request try #1 at 4:43:36 PM
75 verbose lastModified Tue, 18 Oct 2016 15:54:59 GMT
76 http request GET https://registry.npmjs.org/bindings
77 verbose request uri https://registry.npmjs.org/nan
78 verbose request no auth needed
79 info attempt registry request try #1 at 4:43:36 PM
80 verbose etag W/"58e5d71a-1f1df"
81 verbose lastModified Thu, 06 Apr 2017 05:50:18 GMT
82 http request GET https://registry.npmjs.org/nan
83 http 200 https://registry.npmjs.org/bindings
84 verbose headers { server: 'nginx/1.4.6 (Ubuntu)',
84 verbose headers   'content-type': 'application/json',
84 verbose headers   'last-modified': 'Tue, 18 Oct 2016 15:54:59 GMT',
84 verbose headers   'content-encoding': 'gzip',
84 verbose headers   'cache-control': 'max-age=300',
84 verbose headers   'content-length': '3493',
84 verbose headers   'accept-ranges': 'bytes',
84 verbose headers   date: 'Wed, 12 Apr 2017 11:13:36 GMT',
84 verbose headers   via: '1.1 varnish',
84 verbose headers   age: '29',
84 verbose headers   connection: 'keep-alive',
84 verbose headers   'x-served-by': 'cache-syd1621-SYD',
84 verbose headers   'x-cache': 'HIT',
84 verbose headers   'x-cache-hits': '1',
84 verbose headers   'x-timer': 'S1491995617.609589,VS0,VE0',
84 verbose headers   vary: 'Accept-Encoding' }
85 silly get cb [ 200,
85 silly get   { server: 'nginx/1.4.6 (Ubuntu)',
85 silly get     'content-type': 'application/json',
85 silly get     'last-modified': 'Tue, 18 Oct 2016 15:54:59 GMT',
85 silly get     'content-encoding': 'gzip',
85 silly get     'cache-control': 'max-age=300',
85 silly get     'content-length': '3493',
85 silly get     'accept-ranges': 'bytes',
85 silly get     date: 'Wed, 12 Apr 2017 11:13:36 GMT',
85 silly get     via: '1.1 varnish',
85 silly get     age: '29',
85 silly get     connection: 'keep-alive',
85 silly get     'x-served-by': 'cache-syd1621-SYD',
85 silly get     'x-cache': 'HIT',
85 silly get     'x-cache-hits': '1',
85 silly get     'x-timer': 'S1491995617.609589,VS0,VE0',
85 silly get     vary: 'Accept-Encoding' } ]
86 verbose get saving bindings to C:\Users\rsingh3\AppData\Roaming\npm-cache\registry.npmjs.org\bindings\.cache.json
87 verbose correctMkdir C:\Users\rsingh3\AppData\Roaming\npm-cache correctMkdir not in flight; initializing
88 silly resolveWithNewModule bindings@1.2.1 checking installable status
89 silly cache add args [ 'bindings@1.2.1', null ]
90 verbose cache add spec bindings@1.2.1
91 silly cache add parsed spec Result {
91 silly cache add   raw: 'bindings@1.2.1',
91 silly cache add   scope: null,
91 silly cache add   escapedName: 'bindings',
91 silly cache add   name: 'bindings',
91 silly cache add   rawSpec: '1.2.1',
91 silly cache add   spec: '1.2.1',
91 silly cache add   type: 'version' }
92 silly addNamed bindings@1.2.1
93 verbose addNamed "1.2.1" is a plain semver version for bindings
94 silly mapToRegistry name bindings
95 silly mapToRegistry using default registry
96 silly mapToRegistry registry https://registry.npmjs.org/
97 silly mapToRegistry data Result {
97 silly mapToRegistry   raw: 'bindings',
97 silly mapToRegistry   scope: null,
97 silly mapToRegistry   escapedName: 'bindings',
97 silly mapToRegistry   name: 'bindings',
97 silly mapToRegistry   rawSpec: '',
97 silly mapToRegistry   spec: 'latest',
97 silly mapToRegistry   type: 'tag' }
98 silly mapToRegistry uri https://registry.npmjs.org/bindings
99 verbose addNameVersion registry:https://registry.npmjs.org/bindings not in flight; fetching
100 verbose get https://registry.npmjs.org/bindings not expired, no request
101 silly cache afterAdd bindings@1.2.1
102 verbose afterAdd C:\Users\rsingh3\AppData\Roaming\npm-cache\bindings\1.2.1\package\package.json not in flight; writing
103 verbose correctMkdir C:\Users\rsingh3\AppData\Roaming\npm-cache correctMkdir not in flight; initializing
104 verbose afterAdd C:\Users\rsingh3\AppData\Roaming\npm-cache\bindings\1.2.1\package\package.json written
105 http 304 https://registry.npmjs.org/nan
106 verbose headers { date: 'Wed, 12 Apr 2017 11:13:37 GMT',
106 verbose headers   via: '1.1 varnish',
106 verbose headers   'cache-control': 'max-age=300',
106 verbose headers   etag: 'W/"58e5d71a-1f1df"',
106 verbose headers   age: '202',
106 verbose headers   connection: 'keep-alive',
106 verbose headers   'x-served-by': 'cache-syd1621-SYD',
106 verbose headers   'x-cache': 'HIT',
106 verbose headers   'x-cache-hits': '16',
106 verbose headers   'x-timer': 'S1491995617.390017,VS0,VE0',
106 verbose headers   vary: 'Accept-Encoding' }
107 silly get cb [ 304,
107 silly get   { date: 'Wed, 12 Apr 2017 11:13:37 GMT',
107 silly get     via: '1.1 varnish',
107 silly get     'cache-control': 'max-age=300',
107 silly get     etag: 'W/"58e5d71a-1f1df"',
107 silly get     age: '202',
107 silly get     connection: 'keep-alive',
107 silly get     'x-served-by': 'cache-syd1621-SYD',
107 silly get     'x-cache': 'HIT',
107 silly get     'x-cache-hits': '16',
107 silly get     'x-timer': 'S1491995617.390017,VS0,VE0',
107 silly get     vary: 'Accept-Encoding' } ]
108 verbose etag https://registry.npmjs.org/nan from cache
109 verbose get saving nan to C:\Users\rsingh3\AppData\Roaming\npm-cache\registry.npmjs.org\nan\.cache.json
110 verbose correctMkdir C:\Users\rsingh3\AppData\Roaming\npm-cache correctMkdir not in flight; initializing
111 silly resolveWithNewModule nan@2.3.5 checking installable status
112 silly cache add args [ 'nan@2.3.5', null ]
113 verbose cache add spec nan@2.3.5
114 silly cache add parsed spec Result {
114 silly cache add   raw: 'nan@2.3.5',
114 silly cache add   scope: null,
114 silly cache add   escapedName: 'nan',
114 silly cache add   name: 'nan',
114 silly cache add   rawSpec: '2.3.5',
114 silly cache add   spec: '2.3.5',
114 silly cache add   type: 'version' }
115 silly addNamed nan@2.3.5
116 verbose addNamed "2.3.5" is a plain semver version for nan
117 silly mapToRegistry name nan
118 silly mapToRegistry using default registry
119 silly mapToRegistry registry https://registry.npmjs.org/
120 silly mapToRegistry data Result {
120 silly mapToRegistry   raw: 'nan',
120 silly mapToRegistry   scope: null,
120 silly mapToRegistry   escapedName: 'nan',
120 silly mapToRegistry   name: 'nan',
120 silly mapToRegistry   rawSpec: '',
120 silly mapToRegistry   spec: 'latest',
120 silly mapToRegistry   type: 'tag' }
121 silly mapToRegistry uri https://registry.npmjs.org/nan
122 verbose addNameVersion registry:https://registry.npmjs.org/nan not in flight; fetching
123 verbose get https://registry.npmjs.org/nan not expired, no request
124 silly cache afterAdd nan@2.3.5
125 verbose afterAdd C:\Users\rsingh3\AppData\Roaming\npm-cache\nan\2.3.5\package\package.json not in flight; writing
126 verbose correctMkdir C:\Users\rsingh3\AppData\Roaming\npm-cache correctMkdir not in flight; initializing
127 verbose afterAdd C:\Users\rsingh3\AppData\Roaming\npm-cache\nan\2.3.5\package\package.json written
128 silly loadAllDepsIntoIdealTree Finishing
129 silly loadIdealTree Finishing
130 silly currentTree node-rest-auth@
130 silly currentTree +-- accepts@1.1.4
130 silly currentTree +-- async@0.9.0
130 silly currentTree +-- base64url@2.0.0
130 silly currentTree +-- basic-auth@1.0.4
130 silly currentTree +-- bluebird@2.9.26
130 silly currentTree +-- body-parser@1.9.3
130 silly currentTree +-- bson@0.4.19
130 silly currentTree +-- buffer-equal-constant-time@1.0.1
130 silly currentTree +-- bytes@1.0.0
130 silly currentTree +-- cookie-signature@1.0.5
130 silly currentTree +-- cookie@0.1.2
130 silly currentTree +-- core-util-is@1.0.2
130 silly currentTree +-- crc@3.0.0
130 silly currentTree +-- debug@2.0.0
130 silly currentTree +-- depd@1.0.1
130 silly currentTree +-- destroy@1.0.3
130 silly currentTree +-- ecdsa-sig-formatter@1.0.9
130 silly currentTree +-- ee-first@1.1.0
130 silly currentTree +-- es6-promise@2.1.1
130 silly currentTree +-- escape-html@1.0.1
130 silly currentTree +-- etag@1.4.0
130 silly currentTree +-- express@4.9.8
130 silly currentTree | +-- depd@0.4.5
130 silly currentTree | `-- qs@2.2.4
130 silly currentTree +-- finalhandler@0.2.0
130 silly currentTree +-- forwarded@0.1.0
130 silly currentTree +-- fresh@0.2.4
130 silly currentTree +-- hooks-fixed@1.1.0
130 silly currentTree +-- iconv-lite@0.4.5
130 silly currentTree +-- inherits@2.0.3
130 silly currentTree +-- ipaddr.js@1.0.5
130 silly currentTree +-- isarray@0.0.1
130 silly currentTree +-- jsonwebtoken@5.7.0
130 silly currentTree | `-- ms@0.7.3
130 silly currentTree +-- jwa@1.1.5
130 silly currentTree +-- jws@3.1.4
130 silly currentTree +-- jwt-simple@0.3.1
130 silly currentTree +-- kareem@1.0.1
130 silly currentTree +-- kerberos@0.0.23
130 silly currentTree +-- media-typer@0.3.0
130 silly currentTree +-- merge-descriptors@0.0.2
130 silly currentTree +-- methods@1.1.0
130 silly currentTree +-- mime-db@1.12.0
130 silly currentTree +-- mime-types@2.0.14
130 silly currentTree +-- mime@1.2.11
130 silly currentTree +-- mongodb-core@1.2.24
130 silly currentTree +-- mongodb@2.0.49
130 silly currentTree +-- mongoose@4.2.10
130 silly currentTree | `-- ms@0.7.1
130 silly currentTree +-- morgan@1.5.3
130 silly currentTree | +-- debug@2.2.0
130 silly currentTree | +-- ms@0.7.1
130 silly currentTree | `-- on-finished@2.2.1
130 silly currentTree +-- mpath@0.1.1
130 silly currentTree +-- mpromise@0.5.4
130 silly currentTree +-- mquery@1.6.3
130 silly currentTree | +-- debug@2.2.0
130 silly currentTree | `-- ms@0.7.1
130 silly currentTree +-- ms@0.6.2
130 silly currentTree +-- muri@1.0.0
130 silly currentTree +-- nan@2.5.1
130 silly currentTree +-- negotiator@0.4.9
130 silly currentTree +-- on-finished@2.1.1
130 silly currentTree +-- parseurl@1.3.1
130 silly currentTree +-- passport-jwt@1.2.1
130 silly currentTree +-- passport-strategy@1.0.0
130 silly currentTree +-- passport@0.3.2
130 silly currentTree +-- path-to-regexp@0.1.3
130 silly currentTree +-- pause@0.0.1
130 silly currentTree +-- proxy-addr@1.0.10
130 silly currentTree +-- qs@2.3.3
130 silly currentTree +-- range-parser@1.0.3
130 silly currentTree +-- raw-body@1.3.1
130 silly currentTree +-- readable-stream@1.0.31
130 silly currentTree +-- regexp-clone@0.0.1
130 silly currentTree +-- safe-buffer@5.0.1
130 silly currentTree +-- send@0.9.3
130 silly currentTree | +-- depd@0.4.5
130 silly currentTree | +-- ee-first@1.0.5
130 silly currentTree | `-- on-finished@2.1.0
130 silly currentTree +-- serve-static@1.6.5
130 silly currentTree +-- sliced@0.0.5
130 silly currentTree +-- string_decoder@0.10.31
130 silly currentTree +-- type-is@1.5.7
130 silly currentTree +-- utils-merge@1.0.0
130 silly currentTree +-- vary@1.0.1
130 silly currentTree `-- xtend@4.0.1
131 silly idealTree node-rest-auth@
131 silly idealTree +-- accepts@1.1.4
131 silly idealTree +-- async@0.9.0
131 silly idealTree +-- base64url@2.0.0
131 silly idealTree +-- basic-auth@1.0.4
131 silly idealTree +-- bcrypt@0.8.7
131 silly idealTree | `-- nan@2.3.5
131 silly idealTree +-- bindings@1.2.1
131 silly idealTree +-- bluebird@2.9.26
131 silly idealTree +-- body-parser@1.9.3
131 silly idealTree +-- bson@0.4.19
131 silly idealTree +-- buffer-equal-constant-time@1.0.1
131 silly idealTree +-- bytes@1.0.0
131 silly idealTree +-- cookie-signature@1.0.5
131 silly idealTree +-- cookie@0.1.2
131 silly idealTree +-- core-util-is@1.0.2
131 silly idealTree +-- crc@3.0.0
131 silly idealTree +-- debug@2.0.0
131 silly idealTree +-- depd@1.0.1
131 silly idealTree +-- destroy@1.0.3
131 silly idealTree +-- ecdsa-sig-formatter@1.0.9
131 silly idealTree +-- ee-first@1.1.0
131 silly idealTree +-- es6-promise@2.1.1
131 silly idealTree +-- escape-html@1.0.1
131 silly idealTree +-- etag@1.4.0
131 silly idealTree +-- express@4.9.8
131 silly idealTree | +-- depd@0.4.5
131 silly idealTree | `-- qs@2.2.4
131 silly idealTree +-- finalhandler@0.2.0
131 silly idealTree +-- forwarded@0.1.0
131 silly idealTree +-- fresh@0.2.4
131 silly idealTree +-- hooks-fixed@1.1.0
131 silly idealTree +-- iconv-lite@0.4.5
131 silly idealTree +-- inherits@2.0.3
131 silly idealTree +-- ipaddr.js@1.0.5
131 silly idealTree +-- isarray@0.0.1
131 silly idealTree +-- jsonwebtoken@5.7.0
131 silly idealTree | `-- ms@0.7.3
131 silly idealTree +-- jwa@1.1.5
131 silly idealTree +-- jws@3.1.4
131 silly idealTree +-- jwt-simple@0.3.1
131 silly idealTree +-- kareem@1.0.1
131 silly idealTree +-- kerberos@0.0.23
131 silly idealTree +-- media-typer@0.3.0
131 silly idealTree +-- merge-descriptors@0.0.2
131 silly idealTree +-- methods@1.1.0
131 silly idealTree +-- mime-db@1.12.0
131 silly idealTree +-- mime-types@2.0.14
131 silly idealTree +-- mime@1.2.11
131 silly idealTree +-- mongodb-core@1.2.24
131 silly idealTree +-- mongodb@2.0.49
131 silly idealTree +-- mongoose@4.2.10
131 silly idealTree | `-- ms@0.7.1
131 silly idealTree +-- morgan@1.5.3
131 silly idealTree | +-- debug@2.2.0
131 silly idealTree | +-- ms@0.7.1
131 silly idealTree | `-- on-finished@2.2.1
131 silly idealTree +-- mpath@0.1.1
131 silly idealTree +-- mpromise@0.5.4
131 silly idealTree +-- mquery@1.6.3
131 silly idealTree | +-- debug@2.2.0
131 silly idealTree | `-- ms@0.7.1
131 silly idealTree +-- ms@0.6.2
131 silly idealTree +-- muri@1.0.0
131 silly idealTree +-- nan@2.5.1
131 silly idealTree +-- negotiator@0.4.9
131 silly idealTree +-- on-finished@2.1.1
131 silly idealTree +-- parseurl@1.3.1
131 silly idealTree +-- passport-jwt@1.2.1
131 silly idealTree +-- passport-strategy@1.0.0
131 silly idealTree +-- passport@0.3.2
131 silly idealTree +-- path-to-regexp@0.1.3
131 silly idealTree +-- pause@0.0.1
131 silly idealTree +-- proxy-addr@1.0.10
131 silly idealTree +-- qs@2.3.3
131 silly idealTree +-- range-parser@1.0.3
131 silly idealTree +-- raw-body@1.3.1
131 silly idealTree +-- readable-stream@1.0.31
131 silly idealTree +-- regexp-clone@0.0.1
131 silly idealTree +-- safe-buffer@5.0.1
131 silly idealTree +-- send@0.9.3
131 silly idealTree | +-- depd@0.4.5
131 silly idealTree | +-- ee-first@1.0.5
131 silly idealTree | `-- on-finished@2.1.0
131 silly idealTree +-- serve-static@1.6.5
131 silly idealTree +-- sliced@0.0.5
131 silly idealTree +-- string_decoder@0.10.31
131 silly idealTree +-- type-is@1.5.7
131 silly idealTree +-- utils-merge@1.0.0
131 silly idealTree +-- vary@1.0.1
131 silly idealTree `-- xtend@4.0.1
132 silly generateActionsToTake Starting
133 silly install generateActionsToTake
134 silly generateActionsToTake Finishing
135 silly diffTrees action count 3
136 silly diffTrees add nan@2.3.5
137 silly diffTrees add bindings@1.2.1
138 silly diffTrees add bcrypt@0.8.7
139 silly decomposeActions action count 24
140 silly decomposeActions fetch nan@2.3.5
141 silly decomposeActions extract nan@2.3.5
142 silly decomposeActions test nan@2.3.5
143 silly decomposeActions preinstall nan@2.3.5
144 silly decomposeActions build nan@2.3.5
145 silly decomposeActions install nan@2.3.5
146 silly decomposeActions postinstall nan@2.3.5
147 silly decomposeActions finalize nan@2.3.5
148 silly decomposeActions fetch bindings@1.2.1
149 silly decomposeActions extract bindings@1.2.1
150 silly decomposeActions test bindings@1.2.1
151 silly decomposeActions preinstall bindings@1.2.1
152 silly decomposeActions build bindings@1.2.1
153 silly decomposeActions install bindings@1.2.1
154 silly decomposeActions postinstall bindings@1.2.1
155 silly decomposeActions finalize bindings@1.2.1
156 silly decomposeActions fetch bcrypt@0.8.7
157 silly decomposeActions extract bcrypt@0.8.7
158 silly decomposeActions test bcrypt@0.8.7
159 silly decomposeActions preinstall bcrypt@0.8.7
160 silly decomposeActions build bcrypt@0.8.7
161 silly decomposeActions install bcrypt@0.8.7
162 silly decomposeActions postinstall bcrypt@0.8.7
163 silly decomposeActions finalize bcrypt@0.8.7
164 silly runTopLevelLifecycles Starting
165 silly install runPreinstallTopLevelLifecycles
166 silly preinstall node-rest-auth@ D:\Projects\angular2Training\node-rest-auth-abe837e3
167 info lifecycle node-rest-auth@~preinstall: node-rest-auth@
168 silly lifecycle node-rest-auth@~preinstall: no script for preinstall, continuing
169 silly executeActions Starting
170 silly install executeActions
171 silly doSerial global-install 0
172 silly doParallel fetch 3
173 verbose correctMkdir C:\Users\rsingh3\AppData\Roaming\npm-cache\_locks correctMkdir not in flight; initializing
174 verbose lock using C:\Users\rsingh3\AppData\Roaming\npm-cache\_locks\staging-5604a44bc198ed21.lock for D:\Projects\angular2Training\node_modules\.staging
175 silly doParallel extract 3
176 silly extract nan@2.3.5
177 silly extract bindings@1.2.1
178 silly extract bcrypt@0.8.7
179 verbose unbuild node_modules\.staging\nan-0b33f5bc
180 verbose unbuild node_modules\.staging\bindings-53e0eb8c
181 verbose unbuild node_modules\.staging\bcrypt-f5b322bb
182 silly gentlyRm D:\Projects\angular2Training\node_modules\.staging\nan-0b33f5bc is being purged from base D:\Projects\angular2Training
183 verbose gentlyRm don't care about contents; nuking D:\Projects\angular2Training\node_modules\.staging\nan-0b33f5bc
184 verbose tar unpack C:\Users\rsingh3\AppData\Roaming\npm-cache\nan\2.3.5\package.tgz
185 verbose tar unpacking to D:\Projects\angular2Training\node_modules\.staging\nan-0b33f5bc
186 silly gentlyRm D:\Projects\angular2Training\node_modules\.staging\nan-0b33f5bc is being purged
187 verbose gentlyRm don't care about contents; nuking D:\Projects\angular2Training\node_modules\.staging\nan-0b33f5bc
188 silly gentlyRm D:\Projects\angular2Training\node_modules\.staging\bindings-53e0eb8c is being purged from base D:\Projects\angular2Training
189 verbose gentlyRm don't care about contents; nuking D:\Projects\angular2Training\node_modules\.staging\bindings-53e0eb8c
190 silly gentlyRm D:\Projects\angular2Training\node_modules\.staging\bcrypt-f5b322bb is being purged from base D:\Projects\angular2Training
191 verbose gentlyRm don't care about contents; nuking D:\Projects\angular2Training\node_modules\.staging\bcrypt-f5b322bb
192 silly gunzTarPerm modes [ '777', '666' ]
193 verbose tar unpack C:\Users\rsingh3\AppData\Roaming\npm-cache\bindings\1.2.1\package.tgz
194 verbose tar unpacking to D:\Projects\angular2Training\node_modules\.staging\bindings-53e0eb8c
195 silly gentlyRm D:\Projects\angular2Training\node_modules\.staging\bindings-53e0eb8c is being purged
196 verbose gentlyRm don't care about contents; nuking D:\Projects\angular2Training\node_modules\.staging\bindings-53e0eb8c
197 verbose tar unpack C:\Users\rsingh3\AppData\Roaming\npm-cache\bcrypt\0.8.7\package.tgz
198 verbose tar unpacking to D:\Projects\angular2Training\node_modules\.staging\bcrypt-f5b322bb
199 silly gentlyRm D:\Projects\angular2Training\node_modules\.staging\bcrypt-f5b322bb is being purged
200 verbose gentlyRm don't care about contents; nuking D:\Projects\angular2Training\node_modules\.staging\bcrypt-f5b322bb
201 silly gunzTarPerm modes [ '777', '666' ]
202 silly gunzTarPerm modes [ '777', '666' ]
203 silly gunzTarPerm extractEntry package.json
204 silly gunzTarPerm modified mode [ 'package.json', 436, 438 ]
205 silly gunzTarPerm extractEntry package.json
206 silly gunzTarPerm modified mode [ 'package.json', 420, 438 ]
207 silly gunzTarPerm extractEntry package.json
208 silly gunzTarPerm modified mode [ 'package.json', 420, 438 ]
209 silly gunzTarPerm extractEntry README.md
210 silly gunzTarPerm modified mode [ 'README.md', 436, 438 ]
211 silly gunzTarPerm extractEntry include_dirs.js
212 silly gunzTarPerm modified mode [ 'include_dirs.js', 436, 438 ]
213 silly gunzTarPerm extractEntry README.md
214 silly gunzTarPerm modified mode [ 'README.md', 420, 438 ]
215 silly gunzTarPerm extractEntry bindings.js
216 silly gunzTarPerm modified mode [ 'bindings.js', 420, 438 ]
217 silly gunzTarPerm extractEntry .npmignore
218 silly gunzTarPerm modified mode [ '.npmignore', 420, 438 ]
219 silly gunzTarPerm extractEntry README.md
220 silly gunzTarPerm modified mode [ 'README.md', 420, 438 ]
221 silly gunzTarPerm extractEntry LICENSE
222 silly gunzTarPerm modified mode [ 'LICENSE', 420, 438 ]
223 silly gunzTarPerm extractEntry bcrypt.js
224 silly gunzTarPerm modified mode [ 'bcrypt.js', 420, 438 ]
225 silly gunzTarPerm extractEntry Makefile
226 silly gunzTarPerm modified mode [ 'Makefile', 420, 438 ]
227 silly gunzTarPerm extractEntry .travis.yml
228 silly gunzTarPerm modified mode [ '.travis.yml', 420, 438 ]
229 silly gunzTarPerm extractEntry CHANGELOG.md
230 silly gunzTarPerm modified mode [ 'CHANGELOG.md', 420, 438 ]
231 silly gunzTarPerm extractEntry binding.gyp
232 silly gunzTarPerm modified mode [ 'binding.gyp', 420, 438 ]
233 silly gunzTarPerm extractEntry examples/async_compare.js
234 silly gunzTarPerm modified mode [ 'examples/async_compare.js', 420, 438 ]
235 silly gunzTarPerm extractEntry examples/forever_gen_salt.js
236 silly gunzTarPerm modified mode [ 'examples/forever_gen_salt.js', 420, 438 ]
237 silly gunzTarPerm extractEntry test/async.js
238 silly gunzTarPerm modified mode [ 'test/async.js', 420, 438 ]
239 silly gunzTarPerm extractEntry test/repetitions.js
240 silly gunzTarPerm modified mode [ 'test/repetitions.js', 420, 438 ]
241 silly gunzTarPerm extractEntry test/sync.js
242 silly gunzTarPerm modified mode [ 'test/sync.js', 420, 438 ]
243 silly gunzTarPerm extractEntry ISSUE_TEMPLATE.md
244 silly gunzTarPerm modified mode [ 'ISSUE_TEMPLATE.md', 420, 438 ]
245 silly gunzTarPerm extractEntry src/bcrypt.cc
246 silly gunzTarPerm modified mode [ 'src/bcrypt.cc', 420, 438 ]
247 silly gunzTarPerm extractEntry src/bcrypt_node.cc
248 silly gunzTarPerm modified mode [ 'src/bcrypt_node.cc', 420, 438 ]
249 silly gunzTarPerm extractEntry src/blowfish.cc
250 silly gunzTarPerm modified mode [ 'src/blowfish.cc', 420, 438 ]
251 silly gunzTarPerm extractEntry src/node_blf.h
252 silly gunzTarPerm modified mode [ 'src/node_blf.h', 420, 438 ]
253 silly gunzTarPerm extractEntry werker.yml
254 silly gunzTarPerm modified mode [ 'werker.yml', 420, 438 ]
255 silly gunzTarPerm extractEntry nan_converters.h
256 silly gunzTarPerm modified mode [ 'nan_converters.h', 436, 438 ]
257 silly gunzTarPerm extractEntry LICENSE.md
258 silly gunzTarPerm modified mode [ 'LICENSE.md', 436, 438 ]
259 silly gunzTarPerm extractEntry doc/node_misc.md
260 silly gunzTarPerm modified mode [ 'doc/node_misc.md', 436, 438 ]
261 silly gunzTarPerm extractEntry doc/asyncworker.md
262 silly gunzTarPerm modified mode [ 'doc/asyncworker.md', 436, 438 ]
263 silly gunzTarPerm extractEntry doc/callback.md
264 silly gunzTarPerm modified mode [ 'doc/callback.md', 436, 438 ]
265 silly gunzTarPerm extractEntry doc/converters.md
266 silly gunzTarPerm modified mode [ 'doc/converters.md', 436, 438 ]
267 silly gunzTarPerm extractEntry doc/errors.md
268 silly gunzTarPerm modified mode [ 'doc/errors.md', 436, 438 ]
269 silly gunzTarPerm extractEntry doc/maybe_types.md
270 silly gunzTarPerm modified mode [ 'doc/maybe_types.md', 436, 438 ]
271 silly gunzTarPerm extractEntry doc/methods.md
272 silly gunzTarPerm modified mode [ 'doc/methods.md', 436, 438 ]
273 silly gunzTarPerm extractEntry doc/new.md
274 silly gunzTarPerm modified mode [ 'doc/new.md', 436, 438 ]
275 silly gentlyRm D:\Projects\angular2Training\node_modules\.staging\bindings-53e0eb8c\node_modules is being purged
276 verbose gentlyRm don't care about contents; nuking D:\Projects\angular2Training\node_modules\.staging\bindings-53e0eb8c\node_modules
277 silly gunzTarPerm extractEntry doc/buffers.md
278 silly gunzTarPerm modified mode [ 'doc/buffers.md', 436, 438 ]
279 silly gunzTarPerm extractEntry doc/object_wrappers.md
280 silly gunzTarPerm modified mode [ 'doc/object_wrappers.md', 436, 438 ]
281 silly gunzTarPerm extractEntry doc/persistent.md
282 silly gunzTarPerm modified mode [ 'doc/persistent.md', 436, 438 ]
283 silly gunzTarPerm extractEntry doc/scopes.md
284 silly gunzTarPerm modified mode [ 'doc/scopes.md', 436, 438 ]
285 silly gunzTarPerm extractEntry doc/script.md
286 silly gunzTarPerm modified mode [ 'doc/script.md', 436, 438 ]
287 silly gunzTarPerm extractEntry doc/string_bytes.md
288 silly gunzTarPerm modified mode [ 'doc/string_bytes.md', 436, 438 ]
289 silly gunzTarPerm extractEntry doc/v8_internals.md
290 silly gunzTarPerm modified mode [ 'doc/v8_internals.md', 436, 438 ]
291 silly gunzTarPerm extractEntry doc/v8_misc.md
292 silly gunzTarPerm modified mode [ 'doc/v8_misc.md', 436, 438 ]
293 silly gunzTarPerm extractEntry nan.h
294 silly gunzTarPerm modified mode [ 'nan.h', 436, 438 ]
295 silly gunzTarPerm extractEntry nan_callbacks.h
296 silly gunzTarPerm modified mode [ 'nan_callbacks.h', 436, 438 ]
297 silly gunzTarPerm extractEntry nan_callbacks_12_inl.h
298 silly gunzTarPerm modified mode [ 'nan_callbacks_12_inl.h', 436, 438 ]
299 silly gunzTarPerm extractEntry nan_callbacks_pre_12_inl.h
300 silly gunzTarPerm modified mode [ 'nan_callbacks_pre_12_inl.h', 436, 438 ]
301 silly gunzTarPerm extractEntry nan_converters_43_inl.h
302 silly gunzTarPerm modified mode [ 'nan_converters_43_inl.h', 436, 438 ]
303 silly gunzTarPerm extractEntry nan_converters_pre_43_inl.h
304 silly gunzTarPerm modified mode [ 'nan_converters_pre_43_inl.h', 436, 438 ]
305 silly gunzTarPerm extractEntry nan_implementation_12_inl.h
306 silly gunzTarPerm modified mode [ 'nan_implementation_12_inl.h', 436, 438 ]
307 silly gunzTarPerm extractEntry nan_implementation_pre_12_inl.h
308 silly gunzTarPerm modified mode [ 'nan_implementation_pre_12_inl.h', 436, 438 ]
309 silly gunzTarPerm extractEntry nan_maybe_43_inl.h
310 silly gunzTarPerm modified mode [ 'nan_maybe_43_inl.h', 436, 438 ]
311 silly gunzTarPerm extractEntry nan_maybe_pre_43_inl.h
312 silly gunzTarPerm modified mode [ 'nan_maybe_pre_43_inl.h', 436, 438 ]
313 silly gunzTarPerm extractEntry nan_new.h
314 silly gunzTarPerm modified mode [ 'nan_new.h', 436, 438 ]
315 silly gunzTarPerm extractEntry nan_object_wrap.h
316 silly gunzTarPerm modified mode [ 'nan_object_wrap.h', 436, 438 ]
317 silly gunzTarPerm extractEntry nan_persistent_12_inl.h
318 silly gunzTarPerm modified mode [ 'nan_persistent_12_inl.h', 436, 438 ]
319 silly gunzTarPerm extractEntry nan_persistent_pre_12_inl.h
320 silly gunzTarPerm modified mode [ 'nan_persistent_pre_12_inl.h', 436, 438 ]
321 silly gunzTarPerm extractEntry nan_string_bytes.h
322 silly gunzTarPerm modified mode [ 'nan_string_bytes.h', 436, 438 ]
323 silly gunzTarPerm extractEntry nan_typedarray_contents.h
324 silly gunzTarPerm modified mode [ 'nan_typedarray_contents.h', 436, 438 ]
325 silly gunzTarPerm extractEntry nan_weak.h
326 silly gunzTarPerm modified mode [ 'nan_weak.h', 436, 438 ]
327 silly gunzTarPerm extractEntry CHANGELOG.md
328 silly gunzTarPerm modified mode [ 'CHANGELOG.md', 436, 438 ]
329 silly gunzTarPerm extractEntry tools/package.json
330 silly gunzTarPerm modified mode [ 'tools/package.json', 436, 438 ]
331 silly gunzTarPerm extractEntry tools/README.md
332 silly gunzTarPerm modified mode [ 'tools/README.md', 436, 438 ]
333 silly gunzTarPerm extractEntry tools/1to2.js
334 silly gunzTarPerm modified mode [ 'tools/1to2.js', 509, 511 ]
335 silly gentlyRm D:\Projects\angular2Training\node_modules\.staging\bcrypt-f5b322bb\node_modules is being purged
336 verbose gentlyRm don't care about contents; nuking D:\Projects\angular2Training\node_modules\.staging\bcrypt-f5b322bb\node_modules
337 silly gentlyRm D:\Projects\angular2Training\node_modules\.staging\nan-0b33f5bc\node_modules is being purged
338 verbose gentlyRm don't care about contents; nuking D:\Projects\angular2Training\node_modules\.staging\nan-0b33f5bc\node_modules
339 silly doParallel preinstall 3
340 silly preinstall nan@2.3.5 D:\Projects\angular2Training\node_modules\.staging\nan-0b33f5bc
341 info lifecycle nan@2.3.5~preinstall: nan@2.3.5
342 silly preinstall bindings@1.2.1 D:\Projects\angular2Training\node_modules\.staging\bindings-53e0eb8c
343 info lifecycle bindings@1.2.1~preinstall: bindings@1.2.1
344 silly preinstall bcrypt@0.8.7 D:\Projects\angular2Training\node_modules\.staging\bcrypt-f5b322bb
345 info lifecycle bcrypt@0.8.7~preinstall: bcrypt@0.8.7
346 silly lifecycle nan@2.3.5~preinstall: no script for preinstall, continuing
347 silly lifecycle bindings@1.2.1~preinstall: no script for preinstall, continuing
348 silly lifecycle bcrypt@0.8.7~preinstall: no script for preinstall, continuing
349 silly doReverseSerial remove 0
350 silly doSerial move 0
351 silly doSerial finalize 3
352 silly finalize D:\Projects\angular2Training\node_modules\bcrypt\node_modules\nan
353 silly finalize D:\Projects\angular2Training\node_modules\bindings
354 silly finalize D:\Projects\angular2Training\node_modules\bcrypt
355 silly doSerial build 3
356 silly build nan@2.3.5
357 info linkStuff nan@2.3.5
358 silly linkStuff nan@2.3.5 has D:\Projects\angular2Training\node_modules\bcrypt\node_modules as its parent node_modules
359 verbose linkBins nan@2.3.5
360 verbose linkMans nan@2.3.5
361 silly build bindings@1.2.1
362 info linkStuff bindings@1.2.1
363 silly linkStuff bindings@1.2.1 has D:\Projects\angular2Training\node_modules as its parent node_modules
364 verbose linkBins bindings@1.2.1
365 verbose linkMans bindings@1.2.1
366 silly build bcrypt@0.8.7
367 info linkStuff bcrypt@0.8.7
368 silly linkStuff bcrypt@0.8.7 has D:\Projects\angular2Training\node_modules as its parent node_modules
369 verbose linkBins bcrypt@0.8.7
370 verbose linkMans bcrypt@0.8.7
371 silly doSerial global-link 0
372 silly doParallel update-linked 0
373 silly doSerial install 3
374 silly install nan@2.3.5 D:\Projects\angular2Training\node_modules\.staging\nan-0b33f5bc
375 info lifecycle nan@2.3.5~install: nan@2.3.5
376 silly lifecycle nan@2.3.5~install: no script for install, continuing
377 silly install bindings@1.2.1 D:\Projects\angular2Training\node_modules\.staging\bindings-53e0eb8c
378 info lifecycle bindings@1.2.1~install: bindings@1.2.1
379 silly lifecycle bindings@1.2.1~install: no script for install, continuing
380 silly install bcrypt@0.8.7 D:\Projects\angular2Training\node_modules\.staging\bcrypt-f5b322bb
381 info lifecycle bcrypt@0.8.7~install: bcrypt@0.8.7
382 verbose lifecycle bcrypt@0.8.7~install: unsafe-perm in lifecycle true
383 verbose lifecycle bcrypt@0.8.7~install: PATH: C:\Program Files\nodejs\node_modules\npm\bin\node-gyp-bin;D:\Projects\angular2Training\node_modules\bcrypt\node_modules\.bin;D:\Projects\angular2Training\node_modules\.bin;C:\ProgramData\Oracle\Java\javapath;C:\Ruby21\bin;C:\WINDOWS\system32;C:\WINDOWS;C:\WINDOWS\System32\Wbem;C:\WINDOWS\System32\WindowsPowerShell\v1.0\;C:\Program Files (x86)\QuickTime\QTSystem\;C:\Program Files\CapgeminiScripts\Support Tools\;C:\Program Files\nodejs\;C:\Program Files\Git\cmd;C:\HashiCorp\Vagrant\bin;C:\Users\rsingh3\AppData\Roaming\npm;C:\Program Files\Java\jre1.8.0_112\bin;C:\Program Files\Heroku\bin
384 verbose lifecycle bcrypt@0.8.7~install: CWD: D:\Projects\angular2Training\node_modules\bcrypt
385 silly lifecycle bcrypt@0.8.7~install: Args: [ '/d /s /c', 'node-gyp rebuild' ]
386 silly lifecycle bcrypt@0.8.7~install: Returned: code: 1  signal: null
387 info lifecycle bcrypt@0.8.7~install: Failed to exec install script
388 verbose unlock done using C:\Users\rsingh3\AppData\Roaming\npm-cache\_locks\staging-5604a44bc198ed21.lock for D:\Projects\angular2Training\node_modules\.staging
389 silly rollbackFailedOptional Starting
390 silly rollbackFailedOptional Finishing
391 silly runTopLevelLifecycles Finishing
392 silly install printInstalled
393 warn node-rest-auth@ No description
394 verbose If you need help, you may report this error at:
394 verbose     <https://github.com/npm/npm/issues>
395 warn node-rest-auth@ No repository field.
396 verbose If you need help, you may report this error at:
396 verbose     <https://github.com/npm/npm/issues>
397 warn node-rest-auth@ No license field.
398 verbose If you need help, you may report this error at:
398 verbose     <https://github.com/npm/npm/issues>
399 verbose stack Error: bcrypt@0.8.7 install: `node-gyp rebuild`
399 verbose stack Exit status 1
399 verbose stack     at EventEmitter.<anonymous> (C:\Program Files\nodejs\node_modules\npm\lib\utils\lifecycle.js:255:16)
399 verbose stack     at emitTwo (events.js:106:13)
399 verbose stack     at EventEmitter.emit (events.js:191:7)
399 verbose stack     at ChildProcess.<anonymous> (C:\Program Files\nodejs\node_modules\npm\lib\utils\spawn.js:40:14)
399 verbose stack     at emitTwo (events.js:106:13)
399 verbose stack     at ChildProcess.emit (events.js:191:7)
399 verbose stack     at maybeClose (internal/child_process.js:877:16)
399 verbose stack     at Process.ChildProcess._handle.onexit (internal/child_process.js:226:5)
400 verbose pkgid bcrypt@0.8.7
401 verbose cwd D:\Projects\angular2Training
402 error Windows_NT 6.1.7601
403 error argv "C:\\Program Files\\nodejs\\node.exe" "C:\\Program Files\\nodejs\\node_modules\\npm\\bin\\npm-cli.js" "i"
404 error node v6.9.1
405 error npm  v3.10.8
406 error code ELIFECYCLE
407 error bcrypt@0.8.7 install: `node-gyp rebuild`
407 error Exit status 1
408 error Failed at the bcrypt@0.8.7 install script 'node-gyp rebuild'.
408 error Make sure you have the latest version of node.js and npm installed.
408 error If you do, this is most likely a problem with the bcrypt package,
408 error not with npm itself.
408 error Tell the author that this fails on your system:
408 error     node-gyp rebuild
408 error You can get information on how to open an issue for this project with:
408 error     npm bugs bcrypt
408 error Or if that isn't available, you can get their info via:
408 error     npm owner ls bcrypt
408 error There is likely additional logging output above.
409 verbose exit [ 1, true ]
